<?xml version='1.0' encoding='UTF-8'?>
<testsuite hostname="knoldus-Lenovo-G50-80" name="ApplicationSpec" tests="2" errors="0" failures="1" time="0.625">
                     <properties>
[...]
</properties>
                     <testcase classname="ApplicationSpec" name="Application should::send 404 on a bad request" time="0.283">
                                                 
                                               </testcase><testcase classname="ApplicationSpec" name="Application should::render the index page" time="0.342">
                                                 <failure message="'



&lt;!DOCTYPE html&gt;

&lt;html lang=&quot;en&quot;&gt;
    &lt;head&gt;
        &lt;title&gt;DashBoard&lt;/title&gt;
        &lt;link rel=&quot;stylesheet&quot; media=&quot;screen&quot; href=&quot;/assets/stylesheets/main.css&quot;&gt;
        &lt;link rel=&quot;shortcut icon&quot; type=&quot;image/png&quot; href=&quot;/assets/images/favicon.png&quot;&gt;
        &lt;script src=&quot;/assets/javascripts/hello.js&quot; type=&quot;text/javascript&quot;&gt;&lt;/script&gt;
         &lt;link rel='stylesheet' href='/webjars/bootstrap/3.3.6/css/bootstrap.min.css'&gt;
        &lt;script type='text/javascript' src='/webjars/jquery/2.1.4/jquery.min.js'&gt;&lt;/script&gt;
        &lt;script src=&quot;https://oss.maxcdn.com/html5shiv/3.7.2/html5shiv.min.js&quot;&gt;&lt;/script&gt;
        &lt;script src=&quot;https://oss.maxcdn.com/respond/1.4.2/respond.min.js&quot;&gt;&lt;/script&gt;

    &lt;/head&gt;
    &lt;body&gt;

        &lt;div class=&quot;jumbotron&quot; style=&quot;background-color:#660066;color:white;height:5%;width:100%&quot;&gt;
            &lt;div class=&quot;container-fluid&quot;&gt;
            &lt;h2&gt;PlayFrameWork Assignment&lt;/h2&gt;
            &lt;/div&gt;
        &lt;/div&gt;&lt;!--Closing of Jumbotron--&gt;
        &lt;div class=&quot;container&quot;&gt;
            &lt;div class=&quot;panel panel-default&quot;&gt;
                &lt;div class=&quot;panel-body&quot;&gt;
                    
&lt;div&gt;
    &lt;span&gt;&lt;p&gt;
        
        
        
    &lt;/p&gt;&lt;/span&gt;


     

&lt;form action=&quot;/getByName&quot; method=&quot;GET&quot; display=&quot;inline&quot;&gt;
    
        









&lt;dl class=&quot; &quot; id=&quot;name_field&quot;&gt;
    
    &lt;dt&gt;&lt;label for=&quot;name&quot;&gt;name&lt;/label&gt;&lt;/dt&gt;
    
    &lt;dd&gt;
    &lt;input type=&quot;text&quot; id=&quot;name&quot; name=&quot;name&quot; value=&quot;&quot; placeholder=&quot;Filter by Employee name&quot;/&gt;
&lt;/dd&gt;
    
    
&lt;/dl&gt;



        &lt;button type=&quot;submit&quot; class=&quot;btn btn-primary&quot; style=&quot;background-color:orange;color:white&quot;&gt;Filter by Name&lt;/button&gt;
    
&lt;/form&gt;


    &lt;a href=&quot;/renderEmployeeForm &quot; class=&quot;btn btn-success pull-right&quot; role=&quot;button&quot;&gt;Add An Employee&lt;/a&gt;

     &lt;br&gt;&lt;br&gt;
    &lt;table class=&quot;table table-striped&quot;&gt;
        &lt;thead&gt;
        &lt;tr&gt;
            &lt;th&gt;Name&lt;/th&gt;
            &lt;th&gt;Address&lt;/th&gt;
            &lt;th&gt;Date Of Birth&lt;/th&gt;
            &lt;th&gt;Joining Date&lt;/th&gt;
            &lt;th&gt;Designation&lt;/th&gt;
        &lt;/tr&gt;
        &lt;/thead&gt;
        &lt;tbody&gt;
        
        &lt;tr&gt;
            &lt;td&gt;&lt;a href=&quot;/editEmployee/Seema&quot;&gt;Seema&lt;/a&gt;&lt;/td&gt;
            &lt;td&gt;Ashok Vihar&lt;/td&gt;
            &lt;td&gt;Mon Mar 09 00:00:00 IST 1992&lt;/td&gt;
            &lt;td&gt;Thu Jan 21 00:00:00 IST 2016&lt;/td&gt;
            &lt;td&gt;Software Consultant&lt;/td&gt;
        &lt;/tr&gt;
        
        &lt;tr&gt;
            &lt;td&gt;&lt;a href=&quot;/editEmployee/Himani &quot;&gt;Himani &lt;/a&gt;&lt;/td&gt;
            &lt;td&gt;Lakshmi Nagar&lt;/td&gt;
            &lt;td&gt;Sat May 09 00:00:00 IST 1992&lt;/td&gt;
            &lt;td&gt;Thu Jan 21 00:00:00 IST 2016&lt;/td&gt;
            &lt;td&gt;Software Consultant&lt;/td&gt;
        &lt;/tr&gt;
        
        &lt;tr&gt;
            &lt;td&gt;&lt;a href=&quot;/editEmployee/Pallavi&quot;&gt;Pallavi&lt;/a&gt;&lt;/td&gt;
            &lt;td&gt;Ashok Vihar&lt;/td&gt;
            &lt;td&gt;Mon Mar 09 00:00:00 IST 1992&lt;/td&gt;
            &lt;td&gt;Thu Jan 21 00:00:00 IST 2016&lt;/td&gt;
            &lt;td&gt;Software Consultant&lt;/td&gt;
        &lt;/tr&gt;
        
        &lt;/tbody&gt;
    &lt;/table&gt;
&lt;/div&gt;


                &lt;/div&gt;
                &lt;div class=&quot;panel-footer&quot;&gt;created by Himani Arora and Pallavi Singh&lt;/div&gt;
            &lt;/div&gt;

        &lt;/div&gt;



    &lt;/body&gt;
&lt;/html&gt;




' doesn't contain 'Your new application is ready.'" type="sbt.ForkMain$ForkError">sbt.ForkMain$ForkError: '



&lt;!DOCTYPE html&gt;

&lt;html lang=&quot;en&quot;&gt;
    &lt;head&gt;
        &lt;title&gt;DashBoard&lt;/title&gt;
        &lt;link rel=&quot;stylesheet&quot; media=&quot;screen&quot; href=&quot;/assets/stylesheets/main.css&quot;&gt;
        &lt;link rel=&quot;shortcut icon&quot; type=&quot;image/png&quot; href=&quot;/assets/images/favicon.png&quot;&gt;
        &lt;script src=&quot;/assets/javascripts/hello.js&quot; type=&quot;text/javascript&quot;&gt;&lt;/script&gt;
         &lt;link rel='stylesheet' href='/webjars/bootstrap/3.3.6/css/bootstrap.min.css'&gt;
        &lt;script type='text/javascript' src='/webjars/jquery/2.1.4/jquery.min.js'&gt;&lt;/script&gt;
        &lt;script src=&quot;https://oss.maxcdn.com/html5shiv/3.7.2/html5shiv.min.js&quot;&gt;&lt;/script&gt;
        &lt;script src=&quot;https://oss.maxcdn.com/respond/1.4.2/respond.min.js&quot;&gt;&lt;/script&gt;

    &lt;/head&gt;
    &lt;body&gt;

        &lt;div class=&quot;jumbotron&quot; style=&quot;background-color:#660066;color:white;height:5%;width:100%&quot;&gt;
            &lt;div class=&quot;container-fluid&quot;&gt;
            &lt;h2&gt;PlayFrameWork Assignment&lt;/h2&gt;
            &lt;/div&gt;
        &lt;/div&gt;&lt;!--Closing of Jumbotron--&gt;
        &lt;div class=&quot;container&quot;&gt;
            &lt;div class=&quot;panel panel-default&quot;&gt;
                &lt;div class=&quot;panel-body&quot;&gt;
                    
&lt;div&gt;
    &lt;span&gt;&lt;p&gt;
        
        
        
    &lt;/p&gt;&lt;/span&gt;


     

&lt;form action=&quot;/getByName&quot; method=&quot;GET&quot; display=&quot;inline&quot;&gt;
    
        









&lt;dl class=&quot; &quot; id=&quot;name_field&quot;&gt;
    
    &lt;dt&gt;&lt;label for=&quot;name&quot;&gt;name&lt;/label&gt;&lt;/dt&gt;
    
    &lt;dd&gt;
    &lt;input type=&quot;text&quot; id=&quot;name&quot; name=&quot;name&quot; value=&quot;&quot; placeholder=&quot;Filter by Employee name&quot;/&gt;
&lt;/dd&gt;
    
    
&lt;/dl&gt;



        &lt;button type=&quot;submit&quot; class=&quot;btn btn-primary&quot; style=&quot;background-color:orange;color:white&quot;&gt;Filter by Name&lt;/button&gt;
    
&lt;/form&gt;


    &lt;a href=&quot;/renderEmployeeForm &quot; class=&quot;btn btn-success pull-right&quot; role=&quot;button&quot;&gt;Add An Employee&lt;/a&gt;

     &lt;br&gt;&lt;br&gt;
    &lt;table class=&quot;table table-striped&quot;&gt;
        &lt;thead&gt;
        &lt;tr&gt;
            &lt;th&gt;Name&lt;/th&gt;
            &lt;th&gt;Address&lt;/th&gt;
            &lt;th&gt;Date Of Birth&lt;/th&gt;
            &lt;th&gt;Joining Date&lt;/th&gt;
            &lt;th&gt;Designation&lt;/th&gt;
        &lt;/tr&gt;
        &lt;/thead&gt;
        &lt;tbody&gt;
        
        &lt;tr&gt;
            &lt;td&gt;&lt;a href=&quot;/editEmployee/Seema&quot;&gt;Seema&lt;/a&gt;&lt;/td&gt;
            &lt;td&gt;Ashok Vihar&lt;/td&gt;
            &lt;td&gt;Mon Mar 09 00:00:00 IST 1992&lt;/td&gt;
            &lt;td&gt;Thu Jan 21 00:00:00 IST 2016&lt;/td&gt;
            &lt;td&gt;Software Consultant&lt;/td&gt;
        &lt;/tr&gt;
        
        &lt;tr&gt;
            &lt;td&gt;&lt;a href=&quot;/editEmployee/Himani &quot;&gt;Himani &lt;/a&gt;&lt;/td&gt;
            &lt;td&gt;Lakshmi Nagar&lt;/td&gt;
            &lt;td&gt;Sat May 09 00:00:00 IST 1992&lt;/td&gt;
            &lt;td&gt;Thu Jan 21 00:00:00 IST 2016&lt;/td&gt;
            &lt;td&gt;Software Consultant&lt;/td&gt;
        &lt;/tr&gt;
        
        &lt;tr&gt;
            &lt;td&gt;&lt;a href=&quot;/editEmployee/Pallavi&quot;&gt;Pallavi&lt;/a&gt;&lt;/td&gt;
            &lt;td&gt;Ashok Vihar&lt;/td&gt;
            &lt;td&gt;Mon Mar 09 00:00:00 IST 1992&lt;/td&gt;
            &lt;td&gt;Thu Jan 21 00:00:00 IST 2016&lt;/td&gt;
            &lt;td&gt;Software Consultant&lt;/td&gt;
        &lt;/tr&gt;
        
        &lt;/tbody&gt;
    &lt;/table&gt;
&lt;/div&gt;


                &lt;/div&gt;
                &lt;div class=&quot;panel-footer&quot;&gt;created by Himani Arora and Pallavi Singh&lt;/div&gt;
            &lt;/div&gt;

        &lt;/div&gt;



    &lt;/body&gt;
&lt;/html&gt;




' doesn't contain 'Your new application is ready.'
	at ApplicationSpec$$anonfun$2$$anonfun$apply$4$$anon$2.delayedEndpoint$ApplicationSpec$$anonfun$2$$anonfun$apply$4$$anon$2$1(ApplicationSpec.scala:27)
	at ApplicationSpec$$anonfun$2$$anonfun$apply$4$$anon$2$delayedInit$body.apply(ApplicationSpec.scala:22)
	at play.api.test.WithApplication$$anonfun$around$2.apply(Specs.scala:39)
	at play.api.test.WithApplication$$anonfun$around$2.apply(Specs.scala:39)
	at play.api.test.PlayRunners$class.running(Helpers.scala:42)
	at play.api.test.Helpers$.running(Helpers.scala:363)
	at play.api.test.WithApplication.around(Specs.scala:39)
	at play.api.test.WithApplication.delayedInit(Specs.scala:36)
	at ApplicationSpec$$anonfun$2$$anonfun$apply$4$$anon$2.&lt;init&gt;(ApplicationSpec.scala:22)
	at ApplicationSpec$$anonfun$2$$anonfun$apply$4.apply(ApplicationSpec.scala:22)
	at ApplicationSpec$$anonfun$2$$anonfun$apply$4.apply(ApplicationSpec.scala:22)
</failure>
                                               </testcase>
                     <system-out></system-out>
                     <system-err></system-err>
                   </testsuite>