<?xml version='1.0' encoding='UTF-8'?>
<testsuite hostname="knoldus-Lenovo-G50-80" name="DashBoardSpec" tests="9" errors="0" failures="0" time="1.33">
                     <properties>
[...]
</properties>
                     <testcase classname="DashBoardSpec" name="DashBoardSpec should::get all Employee details" time="0.174">
                                                 
                                               </testcase><testcase classname="DashBoardSpec" name="DashBoardSpec should::get specific employees details" time="0.159">
                                                 
                                               </testcase><testcase classname="DashBoardSpec" name="DashBoardSpec should::when employee does not exists" time="0.132">
                                                 
                                               </testcase><testcase classname="DashBoardSpec" name="DashBoardSpec should::get add employee form" time="0.166">
                                                 
                                               </testcase><testcase classname="DashBoardSpec" name="DashBoardSpec should::saving an employee record with correct values" time="0.154">
                                                 
                                               </testcase><testcase classname="DashBoardSpec" name="DashBoardSpec should::saving an employee record with incorrect values" time="0.119">
                                                 
                                               </testcase><testcase classname="DashBoardSpec" name="DashBoardSpec should::get employee data to be updated in form" time="0.191">
                                                 
                                               </testcase><testcase classname="DashBoardSpec" name="DashBoardSpec should::Update employee record" time="0.118">
                                                 
                                               </testcase><testcase classname="DashBoardSpec" name="DashBoardSpec should::Delete an employee record" time="0.117">
                                                 
                                               </testcase>
                     <system-out></system-out>
                     <system-err></system-err>
                   </testsuite>