<?xml version='1.0' encoding='UTF-8'?>
<testsuite hostname="knoldus-Lenovo-G50-80" name="IntegrationSpec" tests="1" errors="1" failures="0" time="1.725">
                     <properties>
[...]
</properties>
                     <testcase classname="IntegrationSpec" name="Application should::work from within a browser" time="1.725">
                                                 <error message="com.gargoylesoftware.htmlunit.ScriptException: TypeError: Cannot find function addEventListener in object [object HTMLDocument]. (http://localhost:19001/webjars/jquery/2.1.4/jquery.min.js#2)
Build info: version: '2.44.0', revision: '76d78cf323ce037c5f92db6c1bba601c2ac43ad8', time: '2014-10-23 13:11:40'
System info: host: 'knoldus-Lenovo-G50-80', ip: '127.0.1.1', os.name: 'Linux', os.arch: 'amd64', os.version: '3.19.0-51-generic', java.version: '1.8.0_45-internal'
Driver info: driver.version: HtmlUnitDriver" type="sbt.ForkMain$ForkError">sbt.ForkMain$ForkError: com.gargoylesoftware.htmlunit.ScriptException: TypeError: Cannot find function addEventListener in object [object HTMLDocument]. (http://localhost:19001/webjars/jquery/2.1.4/jquery.min.js#2)
Build info: version: '2.44.0', revision: '76d78cf323ce037c5f92db6c1bba601c2ac43ad8', time: '2014-10-23 13:11:40'
System info: host: 'knoldus-Lenovo-G50-80', ip: '127.0.1.1', os.name: 'Linux', os.arch: 'amd64', os.version: '3.19.0-51-generic', java.version: '1.8.0_45-internal'
Driver info: driver.version: HtmlUnitDriver
	at org.openqa.selenium.htmlunit.HtmlUnitDriver.get(HtmlUnitDriver.java:493)
	at org.openqa.selenium.htmlunit.HtmlUnitDriver.get(HtmlUnitDriver.java:469)
	at org.fluentlenium.core.Fluent.goTo(Fluent.java:336)
	at IntegrationSpec$$anonfun$1$$anonfun$apply$1$$anon$1.delayedEndpoint$IntegrationSpec$$anonfun$1$$anonfun$apply$1$$anon$1$1(IntegrationSpec.scala:19)
	at IntegrationSpec$$anonfun$1$$anonfun$apply$1$$anon$1$delayedInit$body.apply(IntegrationSpec.scala:17)
	at play.api.test.WithBrowser$$anonfun$around$4.apply(Specs.scala:89)
	at play.api.test.WithBrowser$$anonfun$around$4.apply(Specs.scala:89)
	at play.api.test.PlayRunners$class.running(Helpers.scala:56)
	at play.api.test.Helpers$.running(Helpers.scala:363)
	at play.api.test.WithBrowser.around(Specs.scala:89)
	at play.api.test.WithBrowser.delayedInit(Specs.scala:72)
	at IntegrationSpec$$anonfun$1$$anonfun$apply$1$$anon$1.&lt;init&gt;(IntegrationSpec.scala:17)
	at IntegrationSpec$$anonfun$1$$anonfun$apply$1.apply(IntegrationSpec.scala:17)
	at IntegrationSpec$$anonfun$1$$anonfun$apply$1.apply(IntegrationSpec.scala:17)
Caused by: sbt.ForkMain$ForkError: TypeError: Cannot find function addEventListener in object [object HTMLDocument]. (http://localhost:19001/webjars/jquery/2.1.4/jquery.min.js#2)
	at com.gargoylesoftware.htmlunit.javascript.JavaScriptEngine$HtmlUnitContextAction.run(JavaScriptEngine.java:705)
	at net.sourceforge.htmlunit.corejs.javascript.Context.call(Context.java:620)
	at net.sourceforge.htmlunit.corejs.javascript.ContextFactory.call(ContextFactory.java:513)
	at com.gargoylesoftware.htmlunit.javascript.JavaScriptEngine.execute(JavaScriptEngine.java:591)
	at com.gargoylesoftware.htmlunit.html.HtmlPage.loadExternalJavaScriptFile(HtmlPage.java:1078)
	at com.gargoylesoftware.htmlunit.html.HtmlScript.executeScriptIfNeeded(HtmlScript.java:393)
	at com.gargoylesoftware.htmlunit.html.HtmlScript$3.execute(HtmlScript.java:268)
	at com.gargoylesoftware.htmlunit.html.HtmlScript.onAllChildrenAddedToPage(HtmlScript.java:288)
	at com.gargoylesoftware.htmlunit.html.HTMLParser$HtmlUnitDOMBuilder.endElement(HTMLParser.java:741)
	at org.apache.xerces.parsers.AbstractSAXParser.endElement(Unknown Source)
	at com.gargoylesoftware.htmlunit.html.HTMLParser$HtmlUnitDOMBuilder.endElement(HTMLParser.java:701)
	at org.cyberneko.html.HTMLTagBalancer.callEndElement(HTMLTagBalancer.java:1170)
	at org.cyberneko.html.HTMLTagBalancer.endElement(HTMLTagBalancer.java:1072)
	at org.cyberneko.html.filters.DefaultFilter.endElement(DefaultFilter.java:206)
	at org.cyberneko.html.filters.NamespaceBinder.endElement(NamespaceBinder.java:330)
	at org.cyberneko.html.HTMLScanner$ContentScanner.scanEndElement(HTMLScanner.java:3126)
	at org.cyberneko.html.HTMLScanner$ContentScanner.scan(HTMLScanner.java:2093)
	at org.cyberneko.html.HTMLScanner.scanDocument(HTMLScanner.java:920)
	at org.cyberneko.html.HTMLConfiguration.parse(HTMLConfiguration.java:499)
	at org.cyberneko.html.HTMLConfiguration.parse(HTMLConfiguration.java:452)
	at org.apache.xerces.parsers.XMLParser.parse(Unknown Source)
	at com.gargoylesoftware.htmlunit.html.HTMLParser$HtmlUnitDOMBuilder.parse(HTMLParser.java:965)
	at com.gargoylesoftware.htmlunit.html.HTMLParser.parse(HTMLParser.java:247)
	at com.gargoylesoftware.htmlunit.html.HTMLParser.parseHtml(HTMLParser.java:193)
	at com.gargoylesoftware.htmlunit.DefaultPageCreator.createHtmlPage(DefaultPageCreator.java:268)
	at com.gargoylesoftware.htmlunit.DefaultPageCreator.createPage(DefaultPageCreator.java:156)
	at com.gargoylesoftware.htmlunit.WebClient.loadWebResponseInto(WebClient.java:468)
	at com.gargoylesoftware.htmlunit.WebClient.getPage(WebClient.java:342)
	at com.gargoylesoftware.htmlunit.WebClient.getPage(WebClient.java:407)
	at org.openqa.selenium.htmlunit.HtmlUnitDriver.get(HtmlUnitDriver.java:480)
	... 13 more
Caused by: sbt.ForkMain$ForkError: TypeError: Cannot find function addEventListener in object [object HTMLDocument]. (http://localhost:19001/webjars/jquery/2.1.4/jquery.min.js#2)
	at net.sourceforge.htmlunit.corejs.javascript.ScriptRuntime.constructError(ScriptRuntime.java:3629)
	at net.sourceforge.htmlunit.corejs.javascript.ScriptRuntime.constructError(ScriptRuntime.java:3613)
	at net.sourceforge.htmlunit.corejs.javascript.ScriptRuntime.typeError(ScriptRuntime.java:3634)
	at net.sourceforge.htmlunit.corejs.javascript.ScriptRuntime.typeError2(ScriptRuntime.java:3650)
	at net.sourceforge.htmlunit.corejs.javascript.ScriptRuntime.notFunctionError(ScriptRuntime.java:3714)
	at net.sourceforge.htmlunit.corejs.javascript.ScriptRuntime.getPropFunctionAndThisHelper(ScriptRuntime.java:2233)
	at net.sourceforge.htmlunit.corejs.javascript.ScriptRuntime.getPropFunctionAndThis(ScriptRuntime.java:2215)
	at net.sourceforge.htmlunit.corejs.javascript.Interpreter.interpretLoop(Interpreter.java:1333)
	at net.sourceforge.htmlunit.corejs.javascript.Interpreter.interpret(Interpreter.java:798)
	at net.sourceforge.htmlunit.corejs.javascript.InterpretedFunction.call(InterpretedFunction.java:105)
	at net.sourceforge.htmlunit.corejs.javascript.ContextFactory.doTopCall(ContextFactory.java:411)
	at com.gargoylesoftware.htmlunit.javascript.HtmlUnitContextFactory.doTopCall(HtmlUnitContextFactory.java:309)
	at net.sourceforge.htmlunit.corejs.javascript.ScriptRuntime.doTopCall(ScriptRuntime.java:3057)
	at net.sourceforge.htmlunit.corejs.javascript.InterpretedFunction.exec(InterpretedFunction.java:115)
	at com.gargoylesoftware.htmlunit.javascript.JavaScriptEngine$3.doRun(JavaScriptEngine.java:582)
	at com.gargoylesoftware.htmlunit.javascript.JavaScriptEngine$HtmlUnitContextAction.run(JavaScriptEngine.java:690)
	... 42 more
</error>
                                               </testcase>
                     <system-out></system-out>
                     <system-err></system-err>
                   </testsuite>