<?xml version="1.0"?>
<!DOCTYPE coverage SYSTEM "https://raw.githubusercontent.com/cobertura/cobertura/master/cobertura/src/site/htdocs/xml/coverage-04.dtd">
<coverage 
line-rate="0.72" lines-covered="881" lines-valid="638" branches-covered="20" branches-valid="6" branch-rate="0.30" complexity="0" version="1.0" timestamp="1457031189533">
    <sources>
        <source>--source</source>
        <source>/home/knoldus-pallavi/play2Rough/app</source>
        <source>/home/knoldus-pallavi/play2Rough/app</source>
        <source>/home/knoldus-pallavi/play2Rough/target/scala-2.11/twirl/main</source>
        <source>/home/knoldus-pallavi/play2Rough/target/scala-2.11/routes/main</source>
    </sources>
    <packages>
        <package name="controllers" line-rate="0.68" branch-rate="0.50" complexity="0">
            <classes>
                <class 
                name="ReverseAssets" filename="controllers/ReverseRoutes.scala" line-rate="0.87" branch-rate="0.50" complexity="0">
                    <methods>
                        <method name="controllers/ReverseAssets/_defaultPrefix" signature="()V" line-rate="0.60" branch-rate="0.50">
                            <lines>
                                <line number="33" hits="1" branch="false"/>
                                <line number="33" hits="1" branch="false"/>
                                <line number="33" hits="0" branch="false"/>
                                <line number="33" hits="1" branch="false"/>
                                <line number="33" hits="0" branch="false"/>
                            </lines>
                        </method>
                        <method name="controllers/ReverseAssets/versioned" signature="()V" line-rate="1.00" branch-rate="1.00">
                            <lines>
                                <line number="40" hits="1" branch="false"/>
                                <line number="40" hits="1" branch="false"/>
                                <line number="40" hits="1" branch="false"/>
                                <line number="39" hits="1" branch="false"/>
                                <line number="39" hits="1" branch="false"/>
                                <line number="40" hits="1" branch="false"/>
                                <line number="40" hits="1" branch="false"/>
                                <line number="40" hits="1" branch="false"/>
                                <line number="39" hits="1" branch="false"/>
                                <line number="40" hits="1" branch="false"/>
                            </lines>
                        </method>
                    </methods>
                    <lines>
                        <line number="40" hits="1" branch="false"/>
                        <line number="33" hits="1" branch="false"/>
                        <line number="33" hits="1" branch="false"/>
                        <line number="40" hits="1" branch="false"/>
                        <line number="40" hits="1" branch="false"/>
                        <line number="33" hits="0" branch="false"/>
                        <line number="39" hits="1" branch="false"/>
                        <line number="39" hits="1" branch="false"/>
                        <line number="33" hits="1" branch="false"/>
                        <line number="40" hits="1" branch="false"/>
                        <line number="33" hits="0" branch="false"/>
                        <line number="40" hits="1" branch="false"/>
                        <line number="40" hits="1" branch="false"/>
                        <line number="39" hits="1" branch="false"/>
                        <line number="40" hits="1" branch="false"/>
                    </lines>
</class>
                <class 
                name="DashBoardController" filename="controllers/DashBoardController.scala" line-rate="0.71" branch-rate="1.00" complexity="0">
                    <methods>
                        <method name="controllers/DashBoardController/addEmp" signature="()V" line-rate="0.38" branch-rate="1.00">
                            <lines>
                                <line number="107" hits="0" branch="false"/>
                                <line number="101" hits="1" branch="false"/>
                                <line number="99" hits="1" branch="false"/>
                                <line number="106" hits="0" branch="false"/>
                                <line number="106" hits="0" branch="false"/>
                                <line number="102" hits="1" branch="false"/>
                                <line number="107" hits="0" branch="false"/>
                                <line number="106" hits="0" branch="false"/>
                                <line number="107" hits="0" branch="false"/>
                                <line number="106" hits="0" branch="false"/>
                                <line number="106" hits="0" branch="false"/>
                                <line number="98" hits="1" branch="false"/>
                                <line number="106" hits="0" branch="false"/>
                                <line number="102" hits="1" branch="false"/>
                                <line number="101" hits="1" branch="false"/>
                                <line number="107" hits="0" branch="false"/>
                            </lines>
                        </method>
                        <method name="controllers/DashBoardController/getByName" signature="()V" line-rate="0.32" branch-rate="1.00">
                            <lines>
                                <line number="76" hits="1" branch="false"/>
                                <line number="81" hits="0" branch="false"/>
                                <line number="73" hits="1" branch="false"/>
                                <line number="80" hits="0" branch="false"/>
                                <line number="81" hits="0" branch="false"/>
                                <line number="81" hits="0" branch="false"/>
                                <line number="81" hits="0" branch="false"/>
                                <line number="81" hits="0" branch="false"/>
                                <line number="81" hits="0" branch="false"/>
                                <line number="81" hits="0" branch="false"/>
                                <line number="81" hits="0" branch="false"/>
                                <line number="76" hits="1" branch="false"/>
                                <line number="75" hits="1" branch="false"/>
                                <line number="81" hits="0" branch="false"/>
                                <line number="81" hits="0" branch="false"/>
                                <line number="72" hits="1" branch="false"/>
                                <line number="81" hits="0" branch="false"/>
                                <line number="81" hits="0" branch="false"/>
                                <line number="76" hits="1" branch="false"/>
                                <line number="81" hits="0" branch="false"/>
                                <line number="81" hits="0" branch="false"/>
                                <line number="75" hits="1" branch="false"/>
                            </lines>
                        </method>
                        <method name="controllers/DashBoardController/updateEmp" signature="()V" line-rate="0.33" branch-rate="1.00">
                            <lines>
                                <line number="124" hits="0" branch="false"/>
                                <line number="124" hits="0" branch="false"/>
                                <line number="121" hits="1" branch="false"/>
                                <line number="119" hits="1" branch="false"/>
                                <line number="125" hits="0" branch="false"/>
                                <line number="124" hits="0" branch="false"/>
                                <line number="124" hits="0" branch="false"/>
                                <line number="121" hits="1" branch="false"/>
                                <line number="125" hits="0" branch="false"/>
                                <line number="124" hits="0" branch="false"/>
                                <line number="118" hits="1" branch="false"/>
                                <line number="124" hits="0" branch="false"/>
                            </lines>
                        </method>
                        <method name="controllers/DashBoardController/&lt;none&gt;" signature="()V" line-rate="0.96" branch-rate="1.00">
                            <lines>
                                <line number="51" hits="1" branch="false"/>
                                <line number="39" hits="1" branch="false"/>
                                <line number="49" hits="1" branch="false"/>
                                <line number="52" hits="1" branch="false"/>
                                <line number="38" hits="1" branch="false"/>
                                <line number="53" hits="1" branch="false"/>
                                <line number="50" hits="1" branch="false"/>
                                <line number="48" hits="1" branch="false"/>
                                <line number="48" hits="1" branch="false"/>
                                <line number="51" hits="1" branch="false"/>
                                <line number="46" hits="1" branch="false"/>
                                <line number="49" hits="1" branch="false"/>
                                <line number="52" hits="1" branch="false"/>
                                <line number="39" hits="1" branch="false"/>
                                <line number="50" hits="1" branch="false"/>
                                <line number="53" hits="0" branch="false"/>
                                <line number="52" hits="1" branch="false"/>
                                <line number="39" hits="1" branch="false"/>
                                <line number="49" hits="1" branch="false"/>
                                <line number="50" hits="1" branch="false"/>
                                <line number="37" hits="1" branch="false"/>
                                <line number="53" hits="1" branch="false"/>
                                <line number="48" hits="1" branch="false"/>
                                <line number="51" hits="1" branch="false"/>
                            </lines>
                        </method>
                        <method name="controllers/DashBoardController/getList" signature="()V" line-rate="1.00" branch-rate="1.00">
                            <lines>
                                <line number="61" hits="1" branch="false"/>
                                <line number="62" hits="1" branch="false"/>
                                <line number="62" hits="1" branch="false"/>
                                <line number="62" hits="1" branch="false"/>
                                <line number="62" hits="1" branch="false"/>
                                <line number="60" hits="1" branch="false"/>
                                <line number="62" hits="1" branch="false"/>
                                <line number="62" hits="1" branch="false"/>
                                <line number="62" hits="1" branch="false"/>
                                <line number="62" hits="1" branch="false"/>
                                <line number="62" hits="1" branch="false"/>
                                <line number="62" hits="1" branch="false"/>
                                <line number="62" hits="1" branch="false"/>
                                <line number="62" hits="1" branch="false"/>
                                <line number="62" hits="1" branch="false"/>
                                <line number="62" hits="1" branch="false"/>
                            </lines>
                        </method>
                        <method name="controllers/DashBoardController/deleteEmployee" signature="()V" line-rate="0.50" branch-rate="1.00">
                            <lines>
                                <line number="152" hits="0" branch="false"/>
                                <line number="150" hits="1" branch="false"/>
                                <line number="153" hits="0" branch="false"/>
                                <line number="151" hits="1" branch="false"/>
                                <line number="151" hits="1" branch="false"/>
                                <line number="153" hits="0" branch="false"/>
                            </lines>
                        </method>
                        <method name="controllers/DashBoardController/editEmployee" signature="()V" line-rate="1.00" branch-rate="1.00">
                            <lines>
                                <line number="139" hits="1" branch="false"/>
                                <line number="141" hits="1" branch="false"/>
                                <line number="136" hits="1" branch="false"/>
                                <line number="141" hits="1" branch="false"/>
                                <line number="140" hits="1" branch="false"/>
                                <line number="141" hits="1" branch="false"/>
                                <line number="140" hits="1" branch="false"/>
                                <line number="141" hits="1" branch="false"/>
                                <line number="140" hits="1" branch="false"/>
                                <line number="141" hits="1" branch="false"/>
                                <line number="138" hits="1" branch="false"/>
                                <line number="137" hits="1" branch="false"/>
                                <line number="141" hits="1" branch="false"/>
                                <line number="140" hits="1" branch="false"/>
                                <line number="141" hits="1" branch="false"/>
                                <line number="140" hits="1" branch="false"/>
                                <line number="141" hits="1" branch="false"/>
                                <line number="138" hits="1" branch="false"/>
                                <line number="141" hits="1" branch="false"/>
                                <line number="140" hits="1" branch="false"/>
                            </lines>
                        </method>
                        <method name="controllers/DashBoardController/renderEmployeeForm" signature="()V" line-rate="1.00" branch-rate="1.00">
                            <lines>
                                <line number="90" hits="1" branch="false"/>
                                <line number="89" hits="1" branch="false"/>
                                <line number="90" hits="1" branch="false"/>
                                <line number="90" hits="1" branch="false"/>
                                <line number="90" hits="1" branch="false"/>
                                <line number="90" hits="1" branch="false"/>
                                <line number="90" hits="1" branch="false"/>
                                <line number="90" hits="1" branch="false"/>
                                <line number="90" hits="1" branch="false"/>
                                <line number="90" hits="1" branch="false"/>
                                <line number="90" hits="1" branch="false"/>
                            </lines>
                        </method>
                    </methods>
                    <lines>
                        <line number="107" hits="0" branch="false"/>
                        <line number="124" hits="0" branch="false"/>
                        <line number="101" hits="1" branch="false"/>
                        <line number="139" hits="1" branch="false"/>
                        <line number="141" hits="1" branch="false"/>
                        <line number="136" hits="1" branch="false"/>
                        <line number="51" hits="1" branch="false"/>
                        <line number="99" hits="1" branch="false"/>
                        <line number="124" hits="0" branch="false"/>
                        <line number="152" hits="0" branch="false"/>
                        <line number="141" hits="1" branch="false"/>
                        <line number="90" hits="1" branch="false"/>
                        <line number="106" hits="0" branch="false"/>
                        <line number="76" hits="1" branch="false"/>
                        <line number="81" hits="0" branch="false"/>
                        <line number="61" hits="1" branch="false"/>
                        <line number="73" hits="1" branch="false"/>
                        <line number="62" hits="1" branch="false"/>
                        <line number="140" hits="1" branch="false"/>
                        <line number="80" hits="0" branch="false"/>
                        <line number="81" hits="0" branch="false"/>
                        <line number="150" hits="1" branch="false"/>
                        <line number="62" hits="1" branch="false"/>
                        <line number="39" hits="1" branch="false"/>
                        <line number="62" hits="1" branch="false"/>
                        <line number="49" hits="1" branch="false"/>
                        <line number="52" hits="1" branch="false"/>
                        <line number="141" hits="1" branch="false"/>
                        <line number="89" hits="1" branch="false"/>
                        <line number="106" hits="0" branch="false"/>
                        <line number="140" hits="1" branch="false"/>
                        <line number="121" hits="1" branch="false"/>
                        <line number="90" hits="1" branch="false"/>
                        <line number="119" hits="1" branch="false"/>
                        <line number="38" hits="1" branch="false"/>
                        <line number="90" hits="1" branch="false"/>
                        <line number="81" hits="0" branch="false"/>
                        <line number="53" hits="1" branch="false"/>
                        <line number="62" hits="1" branch="false"/>
                        <line number="60" hits="1" branch="false"/>
                        <line number="50" hits="1" branch="false"/>
                        <line number="81" hits="0" branch="false"/>
                        <line number="48" hits="1" branch="false"/>
                        <line number="141" hits="1" branch="false"/>
                        <line number="153" hits="0" branch="false"/>
                        <line number="125" hits="0" branch="false"/>
                        <line number="140" hits="1" branch="false"/>
                        <line number="62" hits="1" branch="false"/>
                        <line number="141" hits="1" branch="false"/>
                        <line number="138" hits="1" branch="false"/>
                        <line number="124" hits="0" branch="false"/>
                        <line number="137" hits="1" branch="false"/>
                        <line number="102" hits="1" branch="false"/>
                        <line number="107" hits="0" branch="false"/>
                        <line number="81" hits="0" branch="false"/>
                        <line number="81" hits="0" branch="false"/>
                        <line number="90" hits="1" branch="false"/>
                        <line number="106" hits="0" branch="false"/>
                        <line number="81" hits="0" branch="false"/>
                        <line number="107" hits="0" branch="false"/>
                        <line number="81" hits="0" branch="false"/>
                        <line number="62" hits="1" branch="false"/>
                        <line number="76" hits="1" branch="false"/>
                        <line number="151" hits="1" branch="false"/>
                        <line number="48" hits="1" branch="false"/>
                        <line number="141" hits="1" branch="false"/>
                        <line number="51" hits="1" branch="false"/>
                        <line number="46" hits="1" branch="false"/>
                        <line number="124" hits="0" branch="false"/>
                        <line number="90" hits="1" branch="false"/>
                        <line number="140" hits="1" branch="false"/>
                        <line number="49" hits="1" branch="false"/>
                        <line number="121" hits="1" branch="false"/>
                        <line number="90" hits="1" branch="false"/>
                        <line number="106" hits="0" branch="false"/>
                        <line number="90" hits="1" branch="false"/>
                        <line number="62" hits="1" branch="false"/>
                        <line number="75" hits="1" branch="false"/>
                        <line number="52" hits="1" branch="false"/>
                        <line number="62" hits="1" branch="false"/>
                        <line number="81" hits="0" branch="false"/>
                        <line number="39" hits="1" branch="false"/>
                        <line number="62" hits="1" branch="false"/>
                        <line number="50" hits="1" branch="false"/>
                        <line number="53" hits="0" branch="false"/>
                        <line number="151" hits="1" branch="false"/>
                        <line number="141" hits="1" branch="false"/>
                        <line number="81" hits="0" branch="false"/>
                        <line number="106" hits="0" branch="false"/>
                        <line number="98" hits="1" branch="false"/>
                        <line number="153" hits="0" branch="false"/>
                        <line number="125" hits="0" branch="false"/>
                        <line number="140" hits="1" branch="false"/>
                        <line number="141" hits="1" branch="false"/>
                        <line number="72" hits="1" branch="false"/>
                        <line number="90" hits="1" branch="false"/>
                        <line number="106" hits="0" branch="false"/>
                        <line number="81" hits="0" branch="false"/>
                        <line number="124" hits="0" branch="false"/>
                        <line number="62" hits="1" branch="false"/>
                        <line number="81" hits="0" branch="false"/>
                        <line number="90" hits="1" branch="false"/>
                        <line number="102" hits="1" branch="false"/>
                        <line number="138" hits="1" branch="false"/>
                        <line number="52" hits="1" branch="false"/>
                        <line number="62" hits="1" branch="false"/>
                        <line number="118" hits="1" branch="false"/>
                        <line number="141" hits="1" branch="false"/>
                        <line number="39" hits="1" branch="false"/>
                        <line number="49" hits="1" branch="false"/>
                        <line number="76" hits="1" branch="false"/>
                        <line number="50" hits="1" branch="false"/>
                        <line number="81" hits="0" branch="false"/>
                        <line number="37" hits="1" branch="false"/>
                        <line number="101" hits="1" branch="false"/>
                        <line number="107" hits="0" branch="false"/>
                        <line number="124" hits="0" branch="false"/>
                        <line number="90" hits="1" branch="false"/>
                        <line number="53" hits="1" branch="false"/>
                        <line number="62" hits="1" branch="false"/>
                        <line number="140" hits="1" branch="false"/>
                        <line number="81" hits="0" branch="false"/>
                        <line number="48" hits="1" branch="false"/>
                        <line number="62" hits="1" branch="false"/>
                        <line number="75" hits="1" branch="false"/>
                        <line number="51" hits="1" branch="false"/>
                        <line number="62" hits="1" branch="false"/>
                    </lines>
</class>
                <class name="Application" filename="controllers/Application.scala" line-rate="0.00" branch-rate="0.00" complexity="0">
                    <methods>
                        <method name="controllers/Application/index" signature="()V" line-rate="0.00" branch-rate="0.00">
                            <lines>
                                <line number="9" hits="0" branch="false"/>
                                <line number="9" hits="0" branch="false"/>
                                <line number="9" hits="0" branch="false"/>
                                <line number="8" hits="0" branch="false"/>
                                <line number="9" hits="0" branch="false"/>
                                <line number="9" hits="0" branch="false"/>
                                <line number="9" hits="0" branch="false"/>
                            </lines>
                        </method>
                    </methods>
                    <lines>
                        <line number="9" hits="0" branch="false"/>
                        <line number="9" hits="0" branch="false"/>
                        <line number="9" hits="0" branch="false"/>
                        <line number="8" hits="0" branch="false"/>
                        <line number="9" hits="0" branch="false"/>
                        <line number="9" hits="0" branch="false"/>
                        <line number="9" hits="0" branch="false"/>
                    </lines>
                </class>
                <class 
                name="ReverseDashBoardController" filename="controllers/ReverseRoutes.scala" line-rate="0.59" branch-rate="0.50" complexity="0">
                    <methods>
                        <method name="controllers/ReverseDashBoardController/getByName" signature="()V" line-rate="1.00" branch-rate="1.00">
                            <lines>
                                <line number="55" hits="1" branch="false"/>
                                <line number="55" hits="1" branch="false"/>
                                <line number="55" hits="1" branch="false"/>
                                <line number="55" hits="1" branch="false"/>
                            </lines>
                        </method>
                        <method 
                        name="controllers/ReverseDashBoardController/deleteEmployee" signature="()V" line-rate="0.00" branch-rate="0.00">
                            <lines>
                                <line number="85" hits="0" branch="false"/>
                                <line number="85" hits="0" branch="false"/>
                                <line number="85" hits="0" branch="false"/>
                                <line number="85" hits="0" branch="false"/>
                            </lines>
</method>
                        <method 
                        name="controllers/ReverseDashBoardController/_defaultPrefix" signature="()V" line-rate="0.60" branch-rate="0.50">
                            <lines>
                                <line number="48" hits="1" branch="false"/>
                                <line number="48" hits="0" branch="false"/>
                                <line number="48" hits="1" branch="false"/>
                                <line number="48" hits="1" branch="false"/>
                                <line number="48" hits="0" branch="false"/>
                            </lines>
</method>
                        <method name="controllers/ReverseDashBoardController/updateEmp" signature="()V" line-rate="1.00" branch-rate="1.00">
                            <lines>
                                <line number="73" hits="1" branch="false"/>
                                <line number="73" hits="1" branch="false"/>
                                <line number="73" hits="1" branch="false"/>
                                <line number="73" hits="1" branch="false"/>
                            </lines>
                        </method>
                        <method 
                        name="controllers/ReverseDashBoardController/renderEmployeeForm" signature="()V" line-rate="1.00" branch-rate="1.00">
                            <lines>
                                <line number="61" hits="1" branch="false"/>
                                <line number="61" hits="1" branch="false"/>
                                <line number="61" hits="1" branch="false"/>
                                <line number="61" hits="1" branch="false"/>
                            </lines>
</method>
                        <method name="controllers/ReverseDashBoardController/addEmp" signature="()V" line-rate="1.00" branch-rate="1.00">
                            <lines>
                                <line number="67" hits="1" branch="false"/>
                                <line number="67" hits="1" branch="false"/>
                                <line number="67" hits="1" branch="false"/>
                                <line number="67" hits="1" branch="false"/>
                            </lines>
                        </method>
                        <method name="controllers/ReverseDashBoardController/getList" signature="()V" line-rate="1.00" branch-rate="1.00">
                            <lines>
                                <line number="91" hits="1" branch="false"/>
                                <line number="91" hits="1" branch="false"/>
                                <line number="91" hits="1" branch="false"/>
                                <line number="91" hits="1" branch="false"/>
                            </lines>
                        </method>
                        <method name="controllers/ReverseDashBoardController/editEmployee" signature="()V" line-rate="0.00" branch-rate="0.00">
                            <lines>
                                <line number="79" hits="0" branch="false"/>
                                <line number="79" hits="0" branch="false"/>
                                <line number="79" hits="0" branch="false"/>
                                <line number="79" hits="0" branch="false"/>
                                <line number="79" hits="0" branch="false"/>
                                <line number="79" hits="0" branch="false"/>
                                <line number="79" hits="0" branch="false"/>
                                <line number="79" hits="0" branch="false"/>
                                <line number="79" hits="0" branch="false"/>
                                <line number="79" hits="0" branch="false"/>
                            </lines>
                        </method>
                    </methods>
                    <lines>
                        <line number="61" hits="1" branch="false"/>
                        <line number="73" hits="1" branch="false"/>
                        <line number="48" hits="1" branch="false"/>
                        <line number="91" hits="1" branch="false"/>
                        <line number="79" hits="0" branch="false"/>
                        <line number="91" hits="1" branch="false"/>
                        <line number="73" hits="1" branch="false"/>
                        <line number="79" hits="0" branch="false"/>
                        <line number="48" hits="0" branch="false"/>
                        <line number="67" hits="1" branch="false"/>
                        <line number="79" hits="0" branch="false"/>
                        <line number="85" hits="0" branch="false"/>
                        <line number="67" hits="1" branch="false"/>
                        <line number="79" hits="0" branch="false"/>
                        <line number="55" hits="1" branch="false"/>
                        <line number="85" hits="0" branch="false"/>
                        <line number="48" hits="1" branch="false"/>
                        <line number="61" hits="1" branch="false"/>
                        <line number="85" hits="0" branch="false"/>
                        <line number="73" hits="1" branch="false"/>
                        <line number="48" hits="1" branch="false"/>
                        <line number="61" hits="1" branch="false"/>
                        <line number="79" hits="0" branch="false"/>
                        <line number="91" hits="1" branch="false"/>
                        <line number="79" hits="0" branch="false"/>
                        <line number="48" hits="0" branch="false"/>
                        <line number="61" hits="1" branch="false"/>
                        <line number="79" hits="0" branch="false"/>
                        <line number="55" hits="1" branch="false"/>
                        <line number="67" hits="1" branch="false"/>
                        <line number="79" hits="0" branch="false"/>
                        <line number="79" hits="0" branch="false"/>
                        <line number="67" hits="1" branch="false"/>
                        <line number="55" hits="1" branch="false"/>
                        <line number="85" hits="0" branch="false"/>
                        <line number="55" hits="1" branch="false"/>
                        <line number="91" hits="1" branch="false"/>
                        <line number="73" hits="1" branch="false"/>
                        <line number="79" hits="0" branch="false"/>
                    </lines>
</class>
                <class 
                name="ReverseWebJarAssets" filename="controllers/ReverseRoutes.scala" line-rate="0.83" branch-rate="0.50" complexity="0">
                    <methods>
                        <method name="controllers/ReverseWebJarAssets/at" signature="()V" line-rate="1.00" branch-rate="1.00">
                            <lines>
                                <line number="25" hits="1" branch="false"/>
                                <line number="25" hits="1" branch="false"/>
                                <line number="25" hits="1" branch="false"/>
                                <line number="25" hits="1" branch="false"/>
                                <line number="25" hits="1" branch="false"/>
                                <line number="25" hits="1" branch="false"/>
                                <line number="25" hits="1" branch="false"/>
                            </lines>
                        </method>
                        <method name="controllers/ReverseWebJarAssets/_defaultPrefix" signature="()V" line-rate="0.60" branch-rate="0.50">
                            <lines>
                                <line number="18" hits="1" branch="false"/>
                                <line number="18" hits="0" branch="false"/>
                                <line number="18" hits="1" branch="false"/>
                                <line number="18" hits="1" branch="false"/>
                                <line number="18" hits="0" branch="false"/>
                            </lines>
                        </method>
                    </methods>
                    <lines>
                        <line number="18" hits="1" branch="false"/>
                        <line number="25" hits="1" branch="false"/>
                        <line number="25" hits="1" branch="false"/>
                        <line number="18" hits="0" branch="false"/>
                        <line number="25" hits="1" branch="false"/>
                        <line number="18" hits="1" branch="false"/>
                        <line number="25" hits="1" branch="false"/>
                        <line number="25" hits="1" branch="false"/>
                        <line number="18" hits="1" branch="false"/>
                        <line number="18" hits="0" branch="false"/>
                        <line number="25" hits="1" branch="false"/>
                        <line number="25" hits="1" branch="false"/>
                    </lines>
</class>
            </classes>
        </package>
        <package name="controllers.javascript" line-rate="0.00" branch-rate="0.00" complexity="0">
            <classes>
                <class 
                name="ReverseAssets" filename="controllers/javascript/JavaScriptReverseRoutes.scala" line-rate="0.00" branch-rate="0.00" complexity="0">
                    <methods>
                        <method name="controllers.javascript/ReverseAssets/_defaultPrefix" signature="()V" line-rate="0.00" branch-rate="0.00">
                            <lines>
                                <line number="41" hits="0" branch="false"/>
                                <line number="41" hits="0" branch="false"/>
                                <line number="41" hits="0" branch="false"/>
                                <line number="41" hits="0" branch="false"/>
                                <line number="41" hits="0" branch="false"/>
                            </lines>
                        </method>
                        <method name="controllers.javascript/ReverseAssets/versioned" signature="()V" line-rate="0.00" branch-rate="0.00">
                            <lines>
                                <line number="47" hits="0" branch="false"/>
                                <line number="46" hits="0" branch="false"/>
                                <line number="50" hits="0" branch="false"/>
                            </lines>
                        </method>
                    </methods>
                    <lines>
                        <line number="41" hits="0" branch="false"/>
                        <line number="41" hits="0" branch="false"/>
                        <line number="47" hits="0" branch="false"/>
                        <line number="41" hits="0" branch="false"/>
                        <line number="46" hits="0" branch="false"/>
                        <line number="41" hits="0" branch="false"/>
                        <line number="41" hits="0" branch="false"/>
                        <line number="50" hits="0" branch="false"/>
                    </lines>
</class>
                <class 
                name="ReverseWebJarAssets" filename="controllers/javascript/JavaScriptReverseRoutes.scala" line-rate="0.00" branch-rate="0.00" complexity="0">
                    <methods>
                        <method name="controllers.javascript/ReverseWebJarAssets/at" signature="()V" line-rate="0.00" branch-rate="0.00">
                            <lines>
                                <line number="26" hits="0" branch="false"/>
                                <line number="30" hits="0" branch="false"/>
                                <line number="27" hits="0" branch="false"/>
                            </lines>
                        </method>
                        <method 
                        name="controllers.javascript/ReverseWebJarAssets/_defaultPrefix" signature="()V" line-rate="0.00" branch-rate="0.00">
                            <lines>
                                <line number="21" hits="0" branch="false"/>
                                <line number="21" hits="0" branch="false"/>
                                <line number="21" hits="0" branch="false"/>
                                <line number="21" hits="0" branch="false"/>
                                <line number="21" hits="0" branch="false"/>
                            </lines>
</method>
                    </methods>
                    <lines>
                        <line number="26" hits="0" branch="false"/>
                        <line number="21" hits="0" branch="false"/>
                        <line number="21" hits="0" branch="false"/>
                        <line number="21" hits="0" branch="false"/>
                        <line number="30" hits="0" branch="false"/>
                        <line number="21" hits="0" branch="false"/>
                        <line number="21" hits="0" branch="false"/>
                        <line number="27" hits="0" branch="false"/>
                    </lines>
</class>
                <class 
                name="ReverseDashBoardController" filename="controllers/javascript/JavaScriptReverseRoutes.scala" line-rate="0.00" branch-rate="0.00" complexity="0">
                    <methods>
                        <method 
                        name="controllers.javascript/ReverseDashBoardController/getList" signature="()V" line-rate="0.00" branch-rate="0.00">
                            <lines>
                                <line number="130" hits="0" branch="false"/>
                                <line number="127" hits="0" branch="false"/>
                                <line number="126" hits="0" branch="false"/>
                            </lines>
</method>
                        <method 
                        name="controllers.javascript/ReverseDashBoardController/deleteEmployee" signature="()V" line-rate="0.00" branch-rate="0.00">
                            <lines>
                                <line number="120" hits="0" branch="false"/>
                                <line number="117" hits="0" branch="false"/>
                                <line number="116" hits="0" branch="false"/>
                            </lines>
</method>
                        <method 
                        name="controllers.javascript/ReverseDashBoardController/updateEmp" signature="()V" line-rate="0.00" branch-rate="0.00">
                            <lines>
                                <line number="100" hits="0" branch="false"/>
                                <line number="97" hits="0" branch="false"/>
                                <line number="96" hits="0" branch="false"/>
                            </lines>
</method>
                        <method 
                        name="controllers.javascript/ReverseDashBoardController/editEmployee" signature="()V" line-rate="0.00" branch-rate="0.00">
                            <lines>
                                <line number="110" hits="0" branch="false"/>
                                <line number="107" hits="0" branch="false"/>
                                <line number="106" hits="0" branch="false"/>
                            </lines>
</method>
                        <method 
                        name="controllers.javascript/ReverseDashBoardController/renderEmployeeForm" signature="()V" line-rate="0.00" branch-rate="0.00">
                            <lines>
                                <line number="80" hits="0" branch="false"/>
                                <line number="77" hits="0" branch="false"/>
                                <line number="76" hits="0" branch="false"/>
                            </lines>
</method>
                        <method 
                        name="controllers.javascript/ReverseDashBoardController/getByName" signature="()V" line-rate="0.00" branch-rate="0.00">
                            <lines>
                                <line number="70" hits="0" branch="false"/>
                                <line number="67" hits="0" branch="false"/>
                                <line number="66" hits="0" branch="false"/>
                            </lines>
</method>
                        <method 
                        name="controllers.javascript/ReverseDashBoardController/addEmp" signature="()V" line-rate="0.00" branch-rate="0.00">
                            <lines>
                                <line number="90" hits="0" branch="false"/>
                                <line number="87" hits="0" branch="false"/>
                                <line number="86" hits="0" branch="false"/>
                            </lines>
</method>
                        <method 
                        name="controllers.javascript/ReverseDashBoardController/_defaultPrefix" signature="()V" line-rate="0.00" branch-rate="0.00">
                            <lines>
                                <line number="61" hits="0" branch="false"/>
                                <line number="61" hits="0" branch="false"/>
                                <line number="61" hits="0" branch="false"/>
                                <line number="61" hits="0" branch="false"/>
                                <line number="61" hits="0" branch="false"/>
                            </lines>
</method>
                    </methods>
                    <lines>
                        <line number="130" hits="0" branch="false"/>
                        <line number="61" hits="0" branch="false"/>
                        <line number="80" hits="0" branch="false"/>
                        <line number="110" hits="0" branch="false"/>
                        <line number="61" hits="0" branch="false"/>
                        <line number="120" hits="0" branch="false"/>
                        <line number="90" hits="0" branch="false"/>
                        <line number="100" hits="0" branch="false"/>
                        <line number="70" hits="0" branch="false"/>
                        <line number="97" hits="0" branch="false"/>
                        <line number="127" hits="0" branch="false"/>
                        <line number="67" hits="0" branch="false"/>
                        <line number="77" hits="0" branch="false"/>
                        <line number="107" hits="0" branch="false"/>
                        <line number="117" hits="0" branch="false"/>
                        <line number="61" hits="0" branch="false"/>
                        <line number="87" hits="0" branch="false"/>
                        <line number="61" hits="0" branch="false"/>
                        <line number="76" hits="0" branch="false"/>
                        <line number="106" hits="0" branch="false"/>
                        <line number="86" hits="0" branch="false"/>
                        <line number="116" hits="0" branch="false"/>
                        <line number="61" hits="0" branch="false"/>
                        <line number="66" hits="0" branch="false"/>
                        <line number="126" hits="0" branch="false"/>
                        <line number="96" hits="0" branch="false"/>
                    </lines>
</class>
            </classes>
        </package>
        <package name="models" line-rate="0.71" branch-rate="0.25" complexity="0">
            <classes>
                <class name="EmployeeService" filename="models/EmployeeModel.scala" line-rate="0.71" branch-rate="0.25" complexity="0">
                    <methods>
                        <method name="models/EmployeeService/getEmployeeName" signature="()V" line-rate="0.00" branch-rate="0.00">
                            <lines>
                                <line number="48" hits="0" branch="false"/>
                                <line number="49" hits="0" branch="false"/>
                                <line number="49" hits="0" branch="false"/>
                            </lines>
                        </method>
                        <method name="models/EmployeeService/&lt;none&gt;" signature="()V" line-rate="1.00" branch-rate="1.00">
                            <lines>
                                <line number="33" hits="1" branch="false"/>
                                <line number="33" hits="1" branch="false"/>
                                <line number="33" hits="1" branch="false"/>
                                <line number="33" hits="1" branch="false"/>
                                <line number="33" hits="1" branch="false"/>
                                <line number="33" hits="1" branch="false"/>
                                <line number="33" hits="1" branch="false"/>
                                <line number="33" hits="1" branch="false"/>
                                <line number="33" hits="1" branch="false"/>
                                <line number="33" hits="1" branch="false"/>
                                <line number="33" hits="1" branch="false"/>
                                <line number="33" hits="1" branch="false"/>
                                <line number="33" hits="1" branch="false"/>
                                <line number="33" hits="1" branch="false"/>
                                <line number="33" hits="1" branch="false"/>
                                <line number="33" hits="1" branch="false"/>
                                <line number="33" hits="1" branch="false"/>
                                <line number="33" hits="1" branch="false"/>
                                <line number="33" hits="1" branch="false"/>
                            </lines>
                        </method>
                        <method name="models/EmployeeService/getAllEmployee" signature="()V" line-rate="1.00" branch-rate="1.00">
                            <lines>
                                <line number="39" hits="1" branch="false"/>
                                <line number="40" hits="1" branch="false"/>
                            </lines>
                        </method>
                        <method name="models/EmployeeService/deleteEmployee" signature="()V" line-rate="0.00" branch-rate="0.00">
                            <lines>
                                <line number="75" hits="0" branch="false"/>
                                <line number="73" hits="0" branch="false"/>
                                <line number="76" hits="0" branch="false"/>
                                <line number="73" hits="0" branch="false"/>
                                <line number="73" hits="0" branch="false"/>
                                <line number="75" hits="0" branch="false"/>
                                <line number="73" hits="0" branch="false"/>
                                <line number="78" hits="0" branch="false"/>
                            </lines>
                        </method>
                        <method name="models/EmployeeService/addEmployee" signature="()V" line-rate="1.00" branch-rate="1.00">
                            <lines>
                                <line number="63" hits="1" branch="false"/>
                                <line number="63" hits="1" branch="false"/>
                                <line number="62" hits="1" branch="false"/>
                                <line number="64" hits="1" branch="false"/>
                            </lines>
                        </method>
                        <method name="models/EmployeeService/updateEmployee" signature="()V" line-rate="0.78" branch-rate="0.50">
                            <lines>
                                <line number="94" hits="1" branch="false"/>
                                <line number="92" hits="1" branch="false"/>
                                <line number="95" hits="1" branch="false"/>
                                <line number="92" hits="0" branch="false"/>
                                <line number="94" hits="1" branch="false"/>
                                <line number="94" hits="1" branch="false"/>
                                <line number="92" hits="0" branch="false"/>
                                <line number="92" hits="1" branch="false"/>
                                <line number="97" hits="1" branch="false"/>
                            </lines>
                        </method>
                    </methods>
                    <lines>
                        <line number="33" hits="1" branch="false"/>
                        <line number="33" hits="1" branch="false"/>
                        <line number="94" hits="1" branch="false"/>
                        <line number="39" hits="1" branch="false"/>
                        <line number="75" hits="0" branch="false"/>
                        <line number="92" hits="1" branch="false"/>
                        <line number="48" hits="0" branch="false"/>
                        <line number="73" hits="0" branch="false"/>
                        <line number="33" hits="1" branch="false"/>
                        <line number="33" hits="1" branch="false"/>
                        <line number="95" hits="1" branch="false"/>
                        <line number="76" hits="0" branch="false"/>
                        <line number="33" hits="1" branch="false"/>
                        <line number="33" hits="1" branch="false"/>
                        <line number="63" hits="1" branch="false"/>
                        <line number="73" hits="0" branch="false"/>
                        <line number="92" hits="0" branch="false"/>
                        <line number="73" hits="0" branch="false"/>
                        <line number="94" hits="1" branch="false"/>
                        <line number="33" hits="1" branch="false"/>
                        <line number="33" hits="1" branch="false"/>
                        <line number="40" hits="1" branch="false"/>
                        <line number="33" hits="1" branch="false"/>
                        <line number="33" hits="1" branch="false"/>
                        <line number="49" hits="0" branch="false"/>
                        <line number="94" hits="1" branch="false"/>
                        <line number="33" hits="1" branch="false"/>
                        <line number="49" hits="0" branch="false"/>
                        <line number="33" hits="1" branch="false"/>
                        <line number="75" hits="0" branch="false"/>
                        <line number="73" hits="0" branch="false"/>
                        <line number="92" hits="0" branch="false"/>
                        <line number="33" hits="1" branch="false"/>
                        <line number="63" hits="1" branch="false"/>
                        <line number="33" hits="1" branch="false"/>
                        <line number="92" hits="1" branch="false"/>
                        <line number="33" hits="1" branch="false"/>
                        <line number="33" hits="1" branch="false"/>
                        <line number="62" hits="1" branch="false"/>
                        <line number="33" hits="1" branch="false"/>
                        <line number="97" hits="1" branch="false"/>
                        <line number="33" hits="1" branch="false"/>
                        <line number="78" hits="0" branch="false"/>
                        <line number="33" hits="1" branch="false"/>
                        <line number="64" hits="1" branch="false"/>
                    </lines>
                </class>
            </classes>
        </package>
        <package name="router" line-rate="0.70" branch-rate="0.50" complexity="0">
            <classes>
                <class name="RoutesPrefix" filename="router/RoutesPrefix.scala" line-rate="1.00" branch-rate="1.00" complexity="0">
                    <methods>
                        <method name="router/RoutesPrefix/&lt;none&gt;" signature="()V" line-rate="1.00" branch-rate="1.00">
                            <lines>
                                <line number="9" hits="1" branch="false"/>
                                <line number="14" hits="1" branch="false"/>
                            </lines>
                        </method>
                        <method name="router/RoutesPrefix/setPrefix" signature="()V" line-rate="1.00" branch-rate="1.00">
                            <lines>
                                <line number="11" hits="1" branch="false"/>
                            </lines>
                        </method>
                        <method name="router/RoutesPrefix/prefix" signature="()V" line-rate="1.00" branch-rate="1.00">
                            <lines>
                                <line number="13" hits="1" branch="false"/>
                            </lines>
                        </method>
                    </methods>
                    <lines>
                        <line number="11" hits="1" branch="false"/>
                        <line number="9" hits="1" branch="false"/>
                        <line number="14" hits="1" branch="false"/>
                        <line number="13" hits="1" branch="false"/>
                    </lines>
                </class>
                <class name="Routes" filename="router/Routes.scala" line-rate="0.70" branch-rate="0.50" complexity="0">
                    <methods>
                        <method name="router/Routes/&lt;init&gt;" signature="()V" line-rate="1.00" branch-rate="1.00">
                            <lines>
                                <line number="35" hits="1" branch="false"/>
                                <line number="35" hits="1" branch="false"/>
                            </lines>
                        </method>
                        <method name="router/Routes/documentation" signature="()V" line-rate="1.00" branch-rate="1.00">
                            <lines>
                                <line number="59" hits="1" branch="false"/>
                                <line number="56" hits="1" branch="false"/>
                                <line number="49" hits="1" branch="false"/>
                                <line number="60" hits="1" branch="false"/>
                                <line number="52" hits="1" branch="false"/>
                                <line number="54" hits="1" branch="false"/>
                                <line number="50" hits="1" branch="false"/>
                                <line number="61" hits="1" branch="false"/>
                                <line number="55" hits="1" branch="false"/>
                                <line number="57" hits="1" branch="false"/>
                                <line number="52" hits="1" branch="false"/>
                                <line number="53" hits="1" branch="false"/>
                                <line number="49" hits="1" branch="false"/>
                                <line number="58" hits="1" branch="false"/>
                                <line number="55" hits="1" branch="false"/>
                                <line number="51" hits="1" branch="false"/>
                                <line number="57" hits="1" branch="false"/>
                                <line number="61" hits="1" branch="false"/>
                                <line number="51" hits="1" branch="false"/>
                                <line number="53" hits="1" branch="false"/>
                                <line number="55" hits="1" branch="false"/>
                                <line number="51" hits="1" branch="false"/>
                                <line number="49" hits="1" branch="false"/>
                                <line number="56" hits="1" branch="false"/>
                                <line number="59" hits="1" branch="false"/>
                                <line number="54" hits="1" branch="false"/>
                                <line number="50" hits="1" branch="false"/>
                                <line number="57" hits="1" branch="false"/>
                                <line number="60" hits="1" branch="false"/>
                                <line number="54" hits="1" branch="false"/>
                                <line number="52" hits="1" branch="false"/>
                                <line number="56" hits="1" branch="false"/>
                                <line number="60" hits="1" branch="false"/>
                                <line number="54" hits="1" branch="false"/>
                                <line number="61" hits="1" branch="false"/>
                                <line number="53" hits="1" branch="false"/>
                                <line number="55" hits="1" branch="false"/>
                                <line number="57" hits="1" branch="false"/>
                                <line number="50" hits="1" branch="false"/>
                                <line number="59" hits="1" branch="false"/>
                                <line number="53" hits="1" branch="false"/>
                                <line number="49" hits="1" branch="false"/>
                                <line number="56" hits="1" branch="false"/>
                                <line number="51" hits="1" branch="false"/>
                                <line number="52" hits="1" branch="false"/>
                                <line number="50" hits="1" branch="false"/>
                            </lines>
                        </method>
                        <method name="router/Routes/&lt;none&gt;" signature="()V" line-rate="0.65" branch-rate="0.50">
                            <lines>
                                <line number="135" hits="1" branch="false"/>
                                <line number="141" hits="0" branch="false"/>
                                <line number="190" hits="1" branch="false"/>
                                <line number="203" hits="1" branch="false"/>
                                <line number="129" hits="0" branch="false"/>
                                <line number="186" hits="1" branch="false"/>
                                <line number="156" hits="0" branch="false"/>
                                <line number="169" hits="1" branch="false"/>
                                <line number="189" hits="0" branch="false"/>
                                <line number="151" hits="1" branch="false"/>
                                <line number="155" hits="0" branch="false"/>
                                <line number="210" hits="1" branch="false"/>
                                <line number="103" hits="1" branch="false"/>
                                <line number="117" hits="1" branch="false"/>
                                <line number="178" hits="0" branch="false"/>
                                <line number="135" hits="1" branch="false"/>
                                <line number="144" hits="0" branch="false"/>
                                <line number="202" hits="1" branch="false"/>
                                <line number="101" hits="1" branch="false"/>
                                <line number="168" hits="1" branch="false"/>
                                <line number="120" hits="0" branch="false"/>
                                <line number="158" hits="0" branch="false"/>
                                <line number="192" hits="1" branch="false"/>
                                <line number="118" hits="1" branch="false"/>
                                <line number="123" hits="0" branch="false"/>
                                <line number="173" hits="0" branch="false"/>
                                <line number="186" hits="1" branch="false"/>
                                <line number="69" hits="1" branch="false"/>
                                <line number="109" hits="1" branch="false"/>
                                <line number="83" hits="1" branch="false"/>
                                <line number="95" hits="0" branch="false"/>
                                <line number="172" hits="0" branch="false"/>
                                <line number="152" hits="1" branch="false"/>
                                <line number="72" hits="1" branch="false"/>
                                <line number="84" hits="1" branch="false"/>
                                <line number="100" hits="1" branch="false"/>
                                <line number="112" hits="1" branch="false"/>
                                <line number="89" hits="0" branch="false"/>
                                <line number="67" hits="1" branch="false"/>
                                <line number="75" hits="1" branch="false"/>
                                <line number="135" hits="1" branch="false"/>
                                <line number="126" hits="0" branch="false"/>
                                <line number="139" hits="0" branch="false"/>
                                <line number="152" hits="1" branch="false"/>
                                <line number="118" hits="1" branch="false"/>
                                <line number="138" hits="0" branch="false"/>
                                <line number="86" hits="0" branch="false"/>
                                <line number="101" hits="1" branch="false"/>
                                <line number="106" hits="1" branch="false"/>
                                <line number="45" hits="1" branch="false"/>
                                <line number="84" hits="1" branch="false"/>
                                <line number="92" hits="0" branch="false"/>
                                <line number="66" hits="1" branch="false"/>
                                <line number="78" hits="1" branch="false"/>
                                <line number="188" hits="1" branch="false"/>
                                <line number="203" hits="1" branch="false"/>
                                <line number="212" hits="1" branch="false"/>
                                <line number="168" hits="1" branch="false"/>
                                <line number="186" hits="1" branch="false"/>
                                <line number="191" hits="1" branch="false"/>
                                <line number="180" hits="0" branch="false"/>
                                <line number="169" hits="1" branch="false"/>
                                <line number="174" hits="0" branch="false"/>
                                <line number="171" hits="0" branch="false"/>
                                <line number="138" hits="0" branch="false"/>
                                <line number="207" hits="1" branch="false"/>
                                <line number="146" hits="0" branch="false"/>
                                <line number="203" hits="1" branch="false"/>
                                <line number="206" hits="0" branch="false"/>
                                <line number="125" hits="0" branch="false"/>
                                <line number="135" hits="1" branch="false"/>
                                <line number="186" hits="1" branch="false"/>
                                <line number="194" hits="1" branch="false"/>
                                <line number="152" hits="1" branch="false"/>
                                <line number="160" hits="0" branch="false"/>
                                <line number="84" hits="1" branch="false"/>
                                <line number="140" hits="0" branch="false"/>
                                <line number="169" hits="1" branch="false"/>
                                <line number="197" hits="1" branch="false"/>
                                <line number="101" hits="1" branch="false"/>
                                <line number="151" hits="1" branch="false"/>
                                <line number="135" hits="1" branch="false"/>
                                <line number="163" hits="0" branch="false"/>
                                <line number="118" hits="1" branch="false"/>
                                <line number="137" hits="0" branch="false"/>
                                <line number="128" hits="0" branch="false"/>
                                <line number="203" hits="1" branch="false"/>
                                <line number="186" hits="1" branch="false"/>
                                <line number="209" hits="1" branch="false"/>
                                <line number="189" hits="0" branch="false"/>
                                <line number="105" hits="1" branch="false"/>
                                <line number="103" hits="1" branch="false"/>
                                <line number="91" hits="0" branch="false"/>
                                <line number="177" hits="0" branch="false"/>
                                <line number="77" hits="1" branch="false"/>
                                <line number="120" hits="0" branch="false"/>
                                <line number="108" hits="1" branch="false"/>
                                <line number="118" hits="1" branch="false"/>
                                <line number="45" hits="0" branch="false"/>
                                <line number="94" hits="0" branch="false"/>
                                <line number="71" hits="1" branch="false"/>
                                <line number="101" hits="1" branch="false"/>
                                <line number="154" hits="0" branch="false"/>
                                <line number="84" hits="1" branch="false"/>
                                <line number="152" hits="1" branch="false"/>
                                <line number="157" hits="0" branch="false"/>
                                <line number="69" hits="1" branch="false"/>
                                <line number="135" hits="1" branch="false"/>
                                <line number="143" hits="0" branch="false"/>
                                <line number="122" hits="0" branch="false"/>
                                <line number="74" hits="1" branch="false"/>
                                <line number="67" hits="1" branch="false"/>
                                <line number="101" hits="1" branch="false"/>
                                <line number="111" hits="1" branch="false"/>
                                <line number="88" hits="0" branch="false"/>
                                <line number="86" hits="0" branch="false"/>
                                <line number="118" hits="1" branch="false"/>
                                <line number="84" hits="1" branch="false"/>
                                <line number="203" hits="1" branch="false"/>
                                <line number="208" hits="1" branch="false"/>
                                <line number="196" hits="1" branch="false"/>
                                <line number="45" hits="1" branch="false"/>
                                <line number="189" hits="0" branch="false"/>
                                <line number="205" hits="1" branch="false"/>
                                <line number="67" hits="1" branch="false"/>
                                <line number="179" hits="0" branch="false"/>
                                <line number="186" hits="1" branch="false"/>
                                <line number="156" hits="0" branch="false"/>
                                <line number="154" hits="0" branch="false"/>
                                <line number="142" hits="0" branch="false"/>
                                <line number="152" hits="1" branch="false"/>
                                <line number="169" hits="1" branch="false"/>
                                <line number="190" hits="1" branch="false"/>
                                <line number="188" hits="1" branch="false"/>
                                <line number="203" hits="1" branch="false"/>
                                <line number="211" hits="1" branch="false"/>
                                <line number="134" hits="1" branch="false"/>
                                <line number="193" hits="1" branch="false"/>
                                <line number="173" hits="0" branch="false"/>
                                <line number="203" hits="1" branch="false"/>
                                <line number="88" hits="0" branch="false"/>
                                <line number="101" hits="1" branch="false"/>
                                <line number="159" hits="0" branch="false"/>
                                <line number="186" hits="1" branch="false"/>
                                <line number="169" hits="1" branch="false"/>
                                <line number="124" hits="0" branch="false"/>
                                <line number="145" hits="0" branch="false"/>
                                <line number="152" hits="1" branch="false"/>
                                <line number="134" hits="1" branch="false"/>
                                <line number="206" hits="0" branch="false"/>
                                <line number="214" hits="1" branch="false"/>
                                <line number="110" hits="1" branch="false"/>
                                <line number="118" hits="1" branch="false"/>
                                <line number="171" hits="0" branch="false"/>
                                <line number="105" hits="1" branch="false"/>
                                <line number="135" hits="1" branch="false"/>
                                <line number="100" hits="1" branch="false"/>
                                <line number="104" hits="0" branch="false"/>
                                <line number="127" hits="0" branch="false"/>
                                <line number="90" hits="0" branch="false"/>
                                <line number="118" hits="1" branch="false"/>
                                <line number="176" hits="0" branch="false"/>
                                <line number="186" hits="1" branch="false"/>
                                <line number="162" hits="0" branch="false"/>
                                <line number="76" hits="1" branch="false"/>
                                <line number="84" hits="1" branch="false"/>
                                <line number="139" hits="0" branch="false"/>
                                <line number="137" hits="0" branch="false"/>
                                <line number="169" hits="1" branch="false"/>
                                <line number="152" hits="1" branch="false"/>
                                <line number="67" hits="1" branch="false"/>
                                <line number="101" hits="1" branch="false"/>
                                <line number="71" hits="1" branch="false"/>
                                <line number="70" hits="0" branch="false"/>
                                <line number="122" hits="0" branch="false"/>
                                <line number="135" hits="1" branch="false"/>
                                <line number="45" hits="0" branch="false"/>
                                <line number="93" hits="0" branch="false"/>
                                <line number="121" hits="0" branch="false"/>
                                <line number="84" hits="1" branch="false"/>
                                <line number="107" hits="1" branch="false"/>
                                <line number="117" hits="1" branch="false"/>
                                <line number="73" hits="1" branch="false"/>
                                <line number="66" hits="1" branch="false"/>
                                <line number="87" hits="0" branch="false"/>
                                <line number="213" hits="1" branch="false"/>
                                <line number="83" hits="1" branch="false"/>
                                <line number="202" hits="1" branch="false"/>
                                <line number="195" hits="1" branch="false"/>
                                <line number="203" hits="1" branch="false"/>
                                <line number="185" hits="1" branch="false"/>
                                <line number="185" hits="1" branch="false"/>
                                <line number="169" hits="1" branch="false"/>
                                <line number="175" hits="0" branch="false"/>
                                <line number="161" hits="0" branch="false"/>
                                <line number="207" hits="1" branch="false"/>
                                <line number="205" hits="1" branch="false"/>
                                <line number="45" hits="1" branch="false"/>
                            </lines>
                        </method>
                        <method name="router/Routes/withPrefix" signature="()V" line-rate="1.00" branch-rate="1.00">
                            <lines>
                                <line number="41" hits="1" branch="false"/>
                                <line number="41" hits="1" branch="false"/>
                                <line number="41" hits="1" branch="false"/>
                                <line number="41" hits="1" branch="false"/>
                                <line number="40" hits="1" branch="false"/>
                                <line number="41" hits="1" branch="false"/>
                            </lines>
                        </method>
                        <method name="router/Routes/routes" signature="()V" line-rate="0.57" branch-rate="1.00">
                            <lines>
                                <line number="242" hits="0" branch="false"/>
                                <line number="254" hits="0" branch="false"/>
                                <line number="265" hits="1" branch="false"/>
                                <line number="271" hits="1" branch="false"/>
                                <line number="224" hits="1" branch="false"/>
                                <line number="265" hits="1" branch="false"/>
                                <line number="271" hits="1" branch="false"/>
                                <line number="247" hits="0" branch="false"/>
                                <line number="224" hits="1" branch="false"/>
                                <line number="242" hits="0" branch="false"/>
                                <line number="247" hits="0" branch="false"/>
                                <line number="271" hits="1" branch="false"/>
                                <line number="253" hits="0" branch="false"/>
                                <line number="265" hits="1" branch="false"/>
                                <line number="230" hits="0" branch="false"/>
                                <line number="259" hits="0" branch="false"/>
                                <line number="266" hits="1" branch="false"/>
                                <line number="236" hits="1" branch="false"/>
                                <line number="247" hits="0" branch="false"/>
                                <line number="271" hits="1" branch="false"/>
                                <line number="260" hits="0" branch="false"/>
                                <line number="265" hits="1" branch="false"/>
                                <line number="272" hits="1" branch="false"/>
                                <line number="248" hits="0" branch="false"/>
                                <line number="235" hits="1" branch="false"/>
                                <line number="265" hits="1" branch="false"/>
                                <line number="265" hits="1" branch="false"/>
                                <line number="265" hits="1" branch="false"/>
                                <line number="271" hits="1" branch="false"/>
                                <line number="223" hits="1" branch="false"/>
                                <line number="241" hits="0" branch="false"/>
                                <line number="254" hits="0" branch="false"/>
                                <line number="229" hits="0" branch="false"/>
                                <line number="247" hits="0" branch="false"/>
                                <line number="260" hits="0" branch="false"/>
                                <line number="247" hits="0" branch="false"/>
                                <line number="230" hits="0" branch="false"/>
                                <line number="265" hits="1" branch="false"/>
[...]
                        <line number="27" hits="1" branch="false"/>
                        <line number="38" hits="1" branch="false"/>
                        <line number="38" hits="1" branch="false"/>
                        <line number="30" hits="0" branch="false"/>
                        <line number="27" hits="1" branch="false"/>
                        <line number="59" hits="1" branch="false"/>
                        <line number="32" hits="1" branch="false"/>
                        <line number="39" hits="1" branch="false"/>
                        <line number="38" hits="1" branch="false"/>
                        <line number="30" hits="0" branch="false"/>
                        <line number="62" hits="1" branch="false"/>
                        <line number="30" hits="1" branch="false"/>
                        <line number="57" hits="1" branch="false"/>
                        <line number="57" hits="1" branch="false"/>
                        <line number="60" hits="1" branch="false"/>
                        <line number="35" hits="1" branch="false"/>
                        <line number="39" hits="1" branch="false"/>
                        <line number="31" hits="0" branch="false"/>
                        <line number="33" hits="1" branch="false"/>
                        <line number="81" hits="0" branch="false"/>
                        <line number="34" hits="1" branch="false"/>
                        <line number="57" hits="1" branch="false"/>
                        <line number="27" hits="1" branch="false"/>
                        <line number="60" hits="1" branch="false"/>
                        <line number="62" hits="1" branch="false"/>
                        <line number="39" hits="1" branch="false"/>
                        <line number="43" hits="1" branch="false"/>
                        <line number="21" hits="1" branch="false"/>
                        <line number="38" hits="1" branch="false"/>
                        <line number="63" hits="1" branch="false"/>
                        <line number="38" hits="1" branch="false"/>
                        <line number="59" hits="1" branch="false"/>
                        <line number="33" hits="1" branch="false"/>
                        <line number="61" hits="1" branch="false"/>
                        <line number="31" hits="0" branch="false"/>
                        <line number="27" hits="1" branch="false"/>
                        <line number="65" hits="1" branch="false"/>
                        <line number="38" hits="1" branch="false"/>
                        <line number="27" hits="1" branch="false"/>
                        <line number="59" hits="1" branch="false"/>
                        <line number="61" hits="1" branch="false"/>
                        <line number="57" hits="1" branch="false"/>
                        <line number="30" hits="0" branch="false"/>
                        <line number="32" hits="1" branch="false"/>
                        <line number="30" hits="1" branch="false"/>
                        <line number="39" hits="1" branch="false"/>
                        <line number="31" hits="0" branch="false"/>
                        <line number="33" hits="1" branch="false"/>
                        <line number="61" hits="1" branch="false"/>
                        <line number="57" hits="1" branch="false"/>
                        <line number="27" hits="1" branch="false"/>
                        <line number="79" hits="0" branch="false"/>
                        <line number="38" hits="1" branch="false"/>
                        <line number="59" hits="1" branch="false"/>
                        <line number="57" hits="1" branch="false"/>
                        <line number="30" hits="1" branch="false"/>
                        <line number="39" hits="1" branch="false"/>
                        <line number="62" hits="1" branch="false"/>
                        <line number="41" hits="1" branch="false"/>
                        <line number="32" hits="1" branch="false"/>
                        <line number="59" hits="1" branch="false"/>
                        <line number="30" hits="0" branch="false"/>
                        <line number="27" hits="1" branch="false"/>
                        <line number="58" hits="1" branch="false"/>
                        <line number="33" hits="1" branch="false"/>
                        <line number="38" hits="1" branch="false"/>
                        <line number="25" hits="1" branch="false"/>
                        <line number="63" hits="1" branch="false"/>
                        <line number="57" hits="1" branch="false"/>
                        <line number="60" hits="1" branch="false"/>
                        <line number="31" hits="0" branch="false"/>
                        <line number="25" hits="1" branch="false"/>
                        <line number="40" hits="1" branch="false"/>
                        <line number="32" hits="1" branch="false"/>
                        <line number="39" hits="1" branch="false"/>
                        <line number="28" hits="1" branch="false"/>
                        <line number="30" hits="0" branch="false"/>
                    </lines>
</class>
                <class 
                name="addEmployeeView" filename="views/html/addEmployeeView.template.scala" line-rate="0.97" branch-rate="1.00" complexity="0">
                    <methods>
                        <method name="views.html/addEmployeeView/render" signature="()V" line-rate="0.00" branch-rate="0.00">
                            <lines>
                                <line number="54" hits="0" branch="false"/>
                            </lines>
                        </method>
                        <method name="views.html/addEmployeeView/f" signature="()V" line-rate="0.00" branch-rate="0.00">
                            <lines>
                                <line number="56" hits="0" branch="false"/>
                            </lines>
                        </method>
                        <method name="views.html/addEmployeeView/apply" signature="()V" line-rate="1.00" branch-rate="1.00">
                            <lines>
                                <line number="33" hits="1" branch="false"/>
                                <line number="35" hits="1" branch="false"/>
                                <line number="40" hits="1" branch="false"/>
                                <line number="24" hits="1" branch="false"/>
                                <line number="37" hits="1" branch="false"/>
                                <line number="38" hits="1" branch="false"/>
                                <line number="36" hits="1" branch="false"/>
                                <line number="32" hits="1" branch="false"/>
                                <line number="30" hits="1" branch="false"/>
                                <line number="34" hits="1" branch="false"/>
                                <line number="33" hits="1" branch="false"/>
                                <line number="36" hits="1" branch="false"/>
                                <line number="38" hits="1" branch="false"/>
                                <line number="35" hits="1" branch="false"/>
                                <line number="33" hits="1" branch="false"/>
                                <line number="34" hits="1" branch="false"/>
                                <line number="36" hits="1" branch="false"/>
                                <line number="37" hits="1" branch="false"/>
                                <line number="38" hits="1" branch="false"/>
                                <line number="28" hits="1" branch="false"/>
                                <line number="32" hits="1" branch="false"/>
                                <line number="30" hits="1" branch="false"/>
                                <line number="31" hits="1" branch="false"/>
                                <line number="37" hits="1" branch="false"/>
                                <line number="38" hits="1" branch="false"/>
                                <line number="32" hits="1" branch="false"/>
                                <line number="30" hits="1" branch="false"/>
                                <line number="28" hits="1" branch="false"/>
                                <line number="37" hits="1" branch="false"/>
                                <line number="35" hits="1" branch="false"/>
                                <line number="38" hits="1" branch="false"/>
                                <line number="32" hits="1" branch="false"/>
                                <line number="30" hits="1" branch="false"/>
                                <line number="33" hits="1" branch="false"/>
                                <line number="36" hits="1" branch="false"/>
                                <line number="38" hits="1" branch="false"/>
                                <line number="38" hits="1" branch="false"/>
                                <line number="35" hits="1" branch="false"/>
                                <line number="36" hits="1" branch="false"/>
                                <line number="32" hits="1" branch="false"/>
                                <line number="34" hits="1" branch="false"/>
                                <line number="30" hits="1" branch="false"/>
                                <line number="33" hits="1" branch="false"/>
                                <line number="34" hits="1" branch="false"/>
                                <line number="35" hits="1" branch="false"/>
                                <line number="43" hits="1" branch="false"/>
                                <line number="24" hits="1" branch="false"/>
                                <line number="38" hits="1" branch="false"/>
                                <line number="32" hits="1" branch="false"/>
                                <line number="30" hits="1" branch="false"/>
                                <line number="37" hits="1" branch="false"/>
                                <line number="33" hits="1" branch="false"/>
                                <line number="34" hits="1" branch="false"/>
                                <line number="35" hits="1" branch="false"/>
                                <line number="33" hits="1" branch="false"/>
                                <line number="48" hits="1" branch="false"/>
                                <line number="30" hits="1" branch="false"/>
                                <line number="38" hits="1" branch="false"/>
                                <line number="32" hits="1" branch="false"/>
                                <line number="36" hits="1" branch="false"/>
                                <line number="37" hits="1" branch="false"/>
                                <line number="34" hits="1" branch="false"/>
                                <line number="37" hits="1" branch="false"/>
                                <line number="32" hits="1" branch="false"/>
                                <line number="34" hits="1" branch="false"/>
                                <line number="35" hits="1" branch="false"/>
                                <line number="38" hits="1" branch="false"/>
                                <line number="36" hits="1" branch="false"/>
                            </lines>
                        </method>
                    </methods>
                    <lines>
                        <line number="33" hits="1" branch="false"/>
                        <line number="35" hits="1" branch="false"/>
                        <line number="40" hits="1" branch="false"/>
                        <line number="24" hits="1" branch="false"/>
                        <line number="37" hits="1" branch="false"/>
                        <line number="38" hits="1" branch="false"/>
                        <line number="36" hits="1" branch="false"/>
                        <line number="32" hits="1" branch="false"/>
                        <line number="30" hits="1" branch="false"/>
                        <line number="34" hits="1" branch="false"/>
                        <line number="33" hits="1" branch="false"/>
                        <line number="36" hits="1" branch="false"/>
                        <line number="56" hits="0" branch="false"/>
                        <line number="38" hits="1" branch="false"/>
                        <line number="35" hits="1" branch="false"/>
                        <line number="33" hits="1" branch="false"/>
                        <line number="34" hits="1" branch="false"/>
                        <line number="36" hits="1" branch="false"/>
                        <line number="37" hits="1" branch="false"/>
                        <line number="38" hits="1" branch="false"/>
                        <line number="28" hits="1" branch="false"/>
                        <line number="32" hits="1" branch="false"/>
                        <line number="30" hits="1" branch="false"/>
                        <line number="31" hits="1" branch="false"/>
                        <line number="37" hits="1" branch="false"/>
                        <line number="38" hits="1" branch="false"/>
                        <line number="32" hits="1" branch="false"/>
                        <line number="30" hits="1" branch="false"/>
                        <line number="28" hits="1" branch="false"/>
                        <line number="37" hits="1" branch="false"/>
                        <line number="35" hits="1" branch="false"/>
                        <line number="38" hits="1" branch="false"/>
                        <line number="32" hits="1" branch="false"/>
                        <line number="30" hits="1" branch="false"/>
                        <line number="33" hits="1" branch="false"/>
                        <line number="36" hits="1" branch="false"/>
                        <line number="38" hits="1" branch="false"/>
                        <line number="38" hits="1" branch="false"/>
                        <line number="35" hits="1" branch="false"/>
                        <line number="36" hits="1" branch="false"/>
                        <line number="32" hits="1" branch="false"/>
                        <line number="34" hits="1" branch="false"/>
                        <line number="30" hits="1" branch="false"/>
                        <line number="54" hits="0" branch="false"/>
                        <line number="33" hits="1" branch="false"/>
                        <line number="34" hits="1" branch="false"/>
                        <line number="35" hits="1" branch="false"/>
                        <line number="43" hits="1" branch="false"/>
                        <line number="24" hits="1" branch="false"/>
                        <line number="38" hits="1" branch="false"/>
                        <line number="32" hits="1" branch="false"/>
                        <line number="30" hits="1" branch="false"/>
                        <line number="37" hits="1" branch="false"/>
                        <line number="33" hits="1" branch="false"/>
                        <line number="34" hits="1" branch="false"/>
                        <line number="35" hits="1" branch="false"/>
                        <line number="33" hits="1" branch="false"/>
                        <line number="48" hits="1" branch="false"/>
                        <line number="30" hits="1" branch="false"/>
                        <line number="38" hits="1" branch="false"/>
                        <line number="32" hits="1" branch="false"/>
                        <line number="36" hits="1" branch="false"/>
                        <line number="37" hits="1" branch="false"/>
                        <line number="34" hits="1" branch="false"/>
                        <line number="37" hits="1" branch="false"/>
                        <line number="32" hits="1" branch="false"/>
                        <line number="34" hits="1" branch="false"/>
                        <line number="35" hits="1" branch="false"/>
                        <line number="38" hits="1" branch="false"/>
                        <line number="36" hits="1" branch="false"/>
                    </lines>
</class>
                <class name="index" filename="views/html/index.template.scala" line-rate="0.00" branch-rate="0.00" complexity="0">
                    <methods>
                        <method name="views.html/index/f" signature="()V" line-rate="0.00" branch-rate="0.00">
                            <lines>
                                <line number="39" hits="0" branch="false"/>
                            </lines>
                        </method>
                        <method name="views.html/index/apply" signature="()V" line-rate="0.00" branch-rate="0.00">
                            <lines>
                                <line number="27" hits="0" branch="false"/>
                                <line number="27" hits="0" branch="false"/>
                                <line number="29" hits="0" branch="false"/>
                                <line number="29" hits="0" branch="false"/>
                                <line number="31" hits="0" branch="false"/>
                                <line number="29" hits="0" branch="false"/>
                                <line number="21" hits="0" branch="false"/>
                                <line number="27" hits="0" branch="false"/>
                                <line number="25" hits="0" branch="false"/>
                                <line number="27" hits="0" branch="false"/>
                                <line number="27" hits="0" branch="false"/>
                                <line number="27" hits="0" branch="false"/>
                                <line number="21" hits="0" branch="false"/>
                                <line number="29" hits="0" branch="false"/>
                                <line number="25" hits="0" branch="false"/>
                                <line number="27" hits="0" branch="false"/>
                            </lines>
                        </method>
                        <method name="views.html/index/render" signature="()V" line-rate="0.00" branch-rate="0.00">
                            <lines>
                                <line number="37" hits="0" branch="false"/>
                            </lines>
                        </method>
                    </methods>
                    <lines>
                        <line number="27" hits="0" branch="false"/>
                        <line number="27" hits="0" branch="false"/>
                        <line number="29" hits="0" branch="false"/>
                        <line number="29" hits="0" branch="false"/>
                        <line number="31" hits="0" branch="false"/>
                        <line number="29" hits="0" branch="false"/>
                        <line number="21" hits="0" branch="false"/>
                        <line number="27" hits="0" branch="false"/>
                        <line number="25" hits="0" branch="false"/>
                        <line number="39" hits="0" branch="false"/>
                        <line number="27" hits="0" branch="false"/>
                        <line number="27" hits="0" branch="false"/>
                        <line number="27" hits="0" branch="false"/>
                        <line number="21" hits="0" branch="false"/>
                        <line number="29" hits="0" branch="false"/>
                        <line number="25" hits="0" branch="false"/>
                        <line number="27" hits="0" branch="false"/>
                        <line number="37" hits="0" branch="false"/>
                    </lines>
                </class>
            </classes>
        </package>
    </packages>
</coverage>
